<?xml version="1.0" encoding="UTF-8"?>
<testng-results skipped="0" failed="0" total="1" passed="1">
  <reporter-output>
  </reporter-output>
  <suite name="Command line suite" duration-ms="266139" started-at="2021-10-17T14:04:47Z" finished-at="2021-10-17T14:09:13Z">
    <groups>
      <group name="cucumber">
        <method signature="AbstractTestNGCucumberTests.feature(cucumber.api.testng.CucumberFeatureWrapper)[pri:0, instance:com.runner.TestRunner@233c0b17]" name="feature" class="cucumber.api.testng.AbstractTestNGCucumberTests"/>
      </group> <!-- cucumber -->
    </groups>
    <test name="Command line test" duration-ms="266139" started-at="2021-10-17T14:04:47Z" finished-at="2021-10-17T14:09:13Z">
      <class name="com.runner.TestRunner">
        <test-method status="PASS" signature="setUpClass()[pri:0, instance:com.runner.TestRunner@233c0b17]" name="setUpClass" is-config="true" duration-ms="1653" started-at="2021-10-17T19:34:47Z" finished-at="2021-10-17T19:34:48Z">
          <reporter-output>
          </reporter-output>
        </test-method> <!-- setUpClass -->
        <test-method status="PASS" signature="feature(cucumber.api.testng.CucumberFeatureWrapper)[pri:0, instance:com.runner.TestRunner@233c0b17]" name="feature" duration-ms="262775" started-at="2021-10-17T19:34:49Z" description="Runs Cucumber Feature" data-provider="features" finished-at="2021-10-17T19:39:12Z">
          <params>
            <param index="0">
              <value>
                <![CDATA[Weather Shopper]]>
              </value>
            </param>
          </params>
          <reporter-output>
          </reporter-output>
        </test-method> <!-- feature -->
        <test-method status="PASS" signature="tearDownClass()[pri:0, instance:com.runner.TestRunner@233c0b17]" name="tearDownClass" is-config="true" duration-ms="624" started-at="2021-10-17T19:39:12Z" finished-at="2021-10-17T19:39:13Z">
          <reporter-output>
          </reporter-output>
        </test-method> <!-- tearDownClass -->
      </class> <!-- com.runner.TestRunner -->
    </test> <!-- Command line test -->
  </suite> <!-- Command line suite -->
</testng-results>
