<?xml version="1.0" encoding="UTF-8"?>
<testng-results skipped="0" failed="0" total="1" passed="1">
  <reporter-output>
  </reporter-output>
  <suite name="com.runner.TestRunner" duration-ms="52680" started-at="2021-10-18T08:28:19Z" finished-at="2021-10-18T08:29:12Z">
    <groups>
      <group name="cucumber">
        <method signature="AbstractTestNGCucumberTests.feature(cucumber.api.testng.CucumberFeatureWrapper)[pri:0, instance:com.runner.TestRunner@3b81a1bc]" name="feature" class="cucumber.api.testng.AbstractTestNGCucumberTests"/>
      </group> <!-- cucumber -->
    </groups>
    <test name="Command line test" duration-ms="52680" started-at="2021-10-18T08:28:19Z" finished-at="2021-10-18T08:29:12Z">
      <class name="com.runner.TestRunner">
        <test-method status="PASS" signature="setUpClass()[pri:0, instance:com.runner.TestRunner@3b81a1bc]" name="setUpClass" is-config="true" duration-ms="334" started-at="2021-10-18T13:58:19Z" finished-at="2021-10-18T13:58:20Z">
          <reporter-output>
          </reporter-output>
        </test-method> <!-- setUpClass -->
        <test-method status="PASS" signature="feature(cucumber.api.testng.CucumberFeatureWrapper)[pri:0, instance:com.runner.TestRunner@3b81a1bc]" name="feature" duration-ms="48417" started-at="2021-10-18T13:58:20Z" description="Runs Cucumber Feature" data-provider="features" finished-at="2021-10-18T13:59:08Z">
          <params>
            <param index="0">
              <value>
                <![CDATA[Weather Shopper]]>
              </value>
            </param>
          </params>
          <reporter-output>
          </reporter-output>
        </test-method> <!-- feature -->
        <test-method status="PASS" signature="tearDownClass()[pri:0, instance:com.runner.TestRunner@3b81a1bc]" name="tearDownClass" is-config="true" duration-ms="3821" started-at="2021-10-18T13:59:08Z" finished-at="2021-10-18T13:59:12Z">
          <reporter-output>
          </reporter-output>
        </test-method> <!-- tearDownClass -->
      </class> <!-- com.runner.TestRunner -->
    </test> <!-- Command line test -->
  </suite> <!-- com.runner.TestRunner -->
</testng-results>
