<?xml version="1.0" encoding="UTF-8"?>
<testng-results skipped="0" failed="0" total="1" passed="1">
  <reporter-output>
  </reporter-output>
  <suite name="Default suite" duration-ms="81797" started-at="2021-10-17T19:02:24Z" finished-at="2021-10-17T19:03:46Z">
    <groups>
      <group name="cucumber">
        <method signature="AbstractTestNGCucumberTests.feature(cucumber.api.testng.CucumberFeatureWrapper)[pri:0, instance:com.runner.TestRunner@3e6fa38a]" name="feature" class="cucumber.api.testng.AbstractTestNGCucumberTests"/>
      </group> <!-- cucumber -->
    </groups>
    <test name="Default test" duration-ms="81797" started-at="2021-10-17T19:02:24Z" finished-at="2021-10-17T19:03:46Z">
      <class name="com.runner.TestRunner">
        <test-method status="PASS" signature="setUpClass()[pri:0, instance:com.runner.TestRunner@3e6fa38a]" name="setUpClass" is-config="true" duration-ms="559" started-at="2021-10-18T00:32:24Z" finished-at="2021-10-18T00:32:25Z">
          <reporter-output>
          </reporter-output>
        </test-method> <!-- setUpClass -->
        <test-method status="PASS" signature="feature(cucumber.api.testng.CucumberFeatureWrapper)[pri:0, instance:com.runner.TestRunner@3e6fa38a]" name="feature" duration-ms="79896" started-at="2021-10-18T00:32:25Z" description="Runs Cucumber Feature" data-provider="features" finished-at="2021-10-18T00:33:45Z">
          <params>
            <param index="0">
              <value>
                <![CDATA[Weather Shopper]]>
              </value>
            </param>
          </params>
          <reporter-output>
          </reporter-output>
        </test-method> <!-- feature -->
        <test-method status="PASS" signature="tearDownClass()[pri:0, instance:com.runner.TestRunner@3e6fa38a]" name="tearDownClass" is-config="true" duration-ms="1026" started-at="2021-10-18T00:33:45Z" finished-at="2021-10-18T00:33:46Z">
          <reporter-output>
          </reporter-output>
        </test-method> <!-- tearDownClass -->
      </class> <!-- com.runner.TestRunner -->
    </test> <!-- Default test -->
  </suite> <!-- Default suite -->
</testng-results>
